2021-09-29 10:09:42,264:INFO:PyCaret Supervised Module
2021-09-29 10:09:42,264:INFO:ML Usecase: classification
2021-09-29 10:09:42,264:INFO:version 2.3.4
2021-09-29 10:09:42,264:INFO:Initializing setup()
2021-09-29 10:09:42,264:INFO:setup(target=stroke, ml_usecase=classification, available_plots={'parameter': 'Hyperparameters', 'auc': 'AUC', 'confusion_matrix': 'Confusion Matrix', 'threshold': 'Threshold', 'pr': 'Precision Recall', 'error': 'Prediction Error', 'class_report': 'Class Report', 'rfe': 'Feature Selection', 'learning': 'Learning Curve', 'manifold': 'Manifold Learning', 'calibration': 'Calibration Curve', 'vc': 'Validation Curve', 'dimension': 'Dimensions', 'feature': 'Feature Importance', 'feature_all': 'Feature Importance (All)', 'boundary': 'Decision Boundary', 'lift': 'Lift Chart', 'gain': 'Gain Chart', 'tree': 'Decision Tree', 'ks': 'KS Statistic Plot'}, train_size=0.7, test_data=None, preprocess=True, imputation_type=simple, iterative_imputation_iters=5, categorical_features=None, categorical_imputation=constant, categorical_iterative_imputer=lightgbm, ordinal_features=None, high_cardinality_features=None, high_cardinality_method=frequency, numeric_features=None, numeric_imputation=mean, numeric_iterative_imputer=lightgbm, date_features=None, ignore_features=None, normalize=False, normalize_method=zscore, transformation=False, transformation_method=yeo-johnson, handle_unknown_categorical=True, unknown_categorical_method=least_frequent, pca=False, pca_method=linear, pca_components=None, ignore_low_variance=False, combine_rare_levels=False, rare_level_threshold=0.1, bin_numeric_features=None, remove_outliers=False, outliers_threshold=0.05, remove_multicollinearity=True, multicollinearity_threshold=0.8, remove_perfect_collinearity=True, create_clusters=False, cluster_iter=20, polynomial_features=False, polynomial_degree=2, trigonometry_features=False, polynomial_threshold=0.1, group_features=None, group_names=None, feature_selection=False, feature_selection_threshold=0.8, feature_selection_method=classic, feature_interaction=False, feature_ratio=False, interaction_threshold=0.01, fix_imbalance=True, fix_imbalance_method=None, transform_target=False, transform_target_method=box-cox, data_split_shuffle=True, data_split_stratify=False, fold_strategy=stratifiedkfold, fold=10, fold_shuffle=False, fold_groups=None, n_jobs=-1, use_gpu=False, custom_pipeline=None, html=True, session_id=None, log_experiment=False, experiment_name=None, log_plots=False, log_profile=False, log_data=False, silent=False, verbose=True, profile=False, profile_kwargs=None, display=None)
2021-09-29 10:09:42,265:INFO:Checking environment
2021-09-29 10:09:42,265:INFO:python_version: 3.8.5
2021-09-29 10:09:42,265:INFO:python_build: ('default', 'Sep  3 2020 21:29:08')
2021-09-29 10:09:42,265:INFO:machine: AMD64
2021-09-29 10:09:42,265:INFO:platform: Windows-10-10.0.19041-SP0
2021-09-29 10:09:42,265:INFO:Memory: svmem(total=16989028352, available=9150164992, percent=46.1, used=7838863360, free=9150164992)
2021-09-29 10:09:42,265:INFO:Physical Core: 6
2021-09-29 10:09:42,266:INFO:Logical Core: 12
2021-09-29 10:09:42,266:INFO:Checking libraries
2021-09-29 10:09:42,266:INFO:pd==1.1.3
2021-09-29 10:09:42,266:INFO:numpy==1.19.5
2021-09-29 10:09:42,266:INFO:sklearn==0.23.2
2021-09-29 10:09:42,266:INFO:lightgbm==3.2.1
2021-09-29 10:09:42,267:WARNING:catboost not found
2021-09-29 10:09:42,267:WARNING:xgboost not found
2021-09-29 10:09:42,774:INFO:mlflow==1.20.2
2021-09-29 10:09:42,775:INFO:Checking Exceptions
2021-09-29 10:09:42,775:INFO:Declaring global variables
2021-09-29 10:09:42,775:INFO:USI: b1a1
2021-09-29 10:09:42,775:INFO:pycaret_globals: {'transform_target_param', '_ml_usecase', '_internal_pipeline', 'target_param', 'fold_generator', 'stratify_param', '_all_metrics', 'fold_groups_param_full', '_all_models_internal', 'logging_param', '_all_models', 'gpu_param', 'fix_imbalance_method_param', 'y', 'pycaret_globals', 'fold_shuffle_param', 'X_test', 'fix_imbalance_param', 'log_plots_param', 'X_train', 'create_model_container', 'n_jobs_param', '_available_plots', 'fold_param', 'transform_target_method_param', 'imputation_regressor', 'master_model_container', 'experiment__', 'data_before_preprocess', 'imputation_classifier', 'exp_name_log', 'prep_pipe', 'iterative_imputation_iters_param', 'html_param', 'X', 'seed', 'y_test', 'display_container', 'y_train', 'fold_groups_param', '_gpu_n_jobs_param', 'USI'}
2021-09-29 10:09:42,775:INFO:Preparing display monitor
2021-09-29 10:09:42,775:INFO:Preparing display monitor
2021-09-29 10:09:42,786:INFO:Importing libraries
2021-09-29 10:09:42,786:INFO:Copying data for preprocessing
2021-09-29 10:09:42,792:INFO:Declaring preprocessing parameters
2021-09-29 10:09:42,793:INFO:Creating preprocessing pipeline
2021-09-29 10:09:42,798:INFO:Preprocessing pipeline created successfully
2021-09-29 10:09:42,798:ERROR:(Process Exit): setup has been interupted with user command 'quit'. setup must rerun.
2021-09-29 10:09:42,798:INFO:Creating global containers
2021-09-29 10:09:42,800:INFO:Internal pipeline: Pipeline(memory=None,
         steps=[('fix_imbalance',
                 SMOTE(k_neighbors=5, n_jobs=None, random_state=1740,
                       sampling_strategy='auto'))],
         verbose=False)
2021-09-29 10:11:32,442:WARNING:Couldn't import xgboost.XGBClassifier
2021-09-29 10:11:32,442:WARNING:Couldn't import catboost.CatBoostClassifier
2021-09-29 10:11:32,504:WARNING:Couldn't import xgboost.XGBClassifier
2021-09-29 10:11:32,505:WARNING:Couldn't import catboost.CatBoostClassifier
2021-09-29 10:11:32,505:INFO:Creating grid variables
2021-09-29 10:11:32,521:INFO:create_model_container: 0
2021-09-29 10:11:32,521:INFO:master_model_container: 0
2021-09-29 10:11:32,521:INFO:display_container: 1
2021-09-29 10:11:32,525:INFO:Pipeline(memory=None,
         steps=[('dtypes',
                 DataTypes_Auto_infer(categorical_features=[],
                                      display_types=True, features_todrop=[],
                                      id_columns=[],
                                      ml_usecase='classification',
                                      numerical_features=[], target='stroke',
                                      time_features=[])),
                ('imputer',
                 Simple_Imputer(categorical_strategy='not_available',
                                fill_value_categorical=None,
                                fill_value_numerical=None,
                                numeric_strat...
                ('dummy', Dummify(target='stroke')),
                ('fix_perfect', Remove_100(target='stroke')),
                ('clean_names', Clean_Colum_Names()),
                ('feature_select', 'passthrough'),
                ('fix_multi',
                 Fix_multicollinearity(correlation_with_target_preference=None,
                                       correlation_with_target_threshold=0.0,
                                       target_variable='stroke',
                                       threshold=0.8)),
                ('dfs', 'passthrough'), ('pca', 'passthrough')],
         verbose=False)
2021-09-29 10:11:32,525:INFO:setup() succesfully completed......................................
2021-09-29 10:11:32,609:INFO:Initializing compare_models()
2021-09-29 10:11:32,610:INFO:compare_models(include=None, fold=10, round=4, cross_validation=True, sort=Prec., n_select=1, budget_time=None, turbo=True, errors=ignore, fit_kwargs=None, groups=None, verbose=True, display=None, exclude=None)
2021-09-29 10:11:32,610:INFO:Checking exceptions
2021-09-29 10:11:32,611:INFO:Preparing display monitor
2021-09-29 10:11:32,612:INFO:Preparing display monitor
2021-09-29 10:11:32,640:INFO:Initializing Logistic Regression
2021-09-29 10:11:32,640:INFO:Total runtime is 0.0 minutes
2021-09-29 10:11:32,647:INFO:SubProcess create_model() called ==================================
2021-09-29 10:11:32,647:INFO:Initializing create_model()
2021-09-29 10:11:32,648:INFO:create_model(estimator=lr, fold=StratifiedKFold(n_splits=10, random_state=None, shuffle=False), round=4, cross_validation=True, predict=True, fit_kwargs={}, groups=None, refit=False, verbose=False, system=False, metrics=None, add_to_model_list=True, display=<pycaret.internal.Display.Display object at 0x0000029996F5EB20>, kwargs={})
2021-09-29 10:11:32,648:INFO:Checking exceptions
2021-09-29 10:11:32,648:INFO:Importing libraries
2021-09-29 10:11:32,648:INFO:Copying training dataset
2021-09-29 10:11:32,649:INFO:Defining folds
2021-09-29 10:11:32,649:INFO:Declaring metric variables
2021-09-29 10:11:32,658:INFO:Importing untrained model
2021-09-29 10:11:32,665:INFO:Logistic Regression Imported succesfully
2021-09-29 10:11:32,681:INFO:Starting cross validation
2021-09-29 10:11:32,682:INFO:Cross validating with StratifiedKFold(n_splits=10, random_state=None, shuffle=False), n_jobs=-1
2021-09-29 10:11:36,712:INFO:Calculating mean and std
2021-09-29 10:11:36,714:INFO:Creating metrics dataframe
2021-09-29 10:11:36,718:INFO:Uploading results into container
2021-09-29 10:11:36,719:INFO:Uploading model into container now
2021-09-29 10:11:36,719:INFO:create_model_container: 1
2021-09-29 10:11:36,719:INFO:master_model_container: 1
2021-09-29 10:11:36,719:INFO:display_container: 2
2021-09-29 10:11:36,719:INFO:LogisticRegression(C=1.0, class_weight=None, dual=False, fit_intercept=True,
                   intercept_scaling=1, l1_ratio=None, max_iter=1000,
                   multi_class='auto', n_jobs=None, penalty='l2',
                   random_state=1740, solver='lbfgs', tol=0.0001, verbose=0,
                   warm_start=False)
2021-09-29 10:11:36,719:INFO:create_model() succesfully completed......................................
2021-09-29 10:11:36,817:INFO:SubProcess create_model() end ==================================
2021-09-29 10:11:36,818:INFO:Creating metrics dataframe
2021-09-29 10:11:36,830:INFO:Initializing K Neighbors Classifier
2021-09-29 10:11:36,830:INFO:Total runtime is 0.06983114878336588 minutes
2021-09-29 10:11:36,838:INFO:SubProcess create_model() called ==================================
2021-09-29 10:11:36,838:INFO:Initializing create_model()
2021-09-29 10:11:36,838:INFO:create_model(estimator=knn, fold=StratifiedKFold(n_splits=10, random_state=None, shuffle=False), round=4, cross_validation=True, predict=True, fit_kwargs={}, groups=None, refit=False, verbose=False, system=False, metrics=None, add_to_model_list=True, display=<pycaret.internal.Display.Display object at 0x0000029996F5EB20>, kwargs={})
2021-09-29 10:11:36,838:INFO:Checking exceptions
2021-09-29 10:11:36,838:INFO:Importing libraries
2021-09-29 10:11:36,838:INFO:Copying training dataset
2021-09-29 10:11:36,839:INFO:Defining folds
2021-09-29 10:11:36,839:INFO:Declaring metric variables
2021-09-29 10:11:36,846:INFO:Importing untrained model
2021-09-29 10:11:36,854:INFO:K Neighbors Classifier Imported succesfully
2021-09-29 10:11:36,868:INFO:Starting cross validation
2021-09-29 10:11:36,868:INFO:Cross validating with StratifiedKFold(n_splits=10, random_state=None, shuffle=False), n_jobs=-1
2021-09-29 10:11:38,722:INFO:Calculating mean and std
2021-09-29 10:11:38,722:INFO:Creating metrics dataframe
2021-09-29 10:11:38,726:INFO:Uploading results into container
2021-09-29 10:11:38,726:INFO:Uploading model into container now
2021-09-29 10:11:38,726:INFO:create_model_container: 2
2021-09-29 10:11:38,726:INFO:master_model_container: 2
2021-09-29 10:11:38,726:INFO:display_container: 2
2021-09-29 10:11:38,727:INFO:KNeighborsClassifier(algorithm='auto', leaf_size=30, metric='minkowski',
                     metric_params=None, n_jobs=-1, n_neighbors=5, p=2,
                     weights='uniform')
2021-09-29 10:11:38,727:INFO:create_model() succesfully completed......................................
2021-09-29 10:11:38,804:INFO:SubProcess create_model() end ==================================
2021-09-29 10:11:38,804:INFO:Creating metrics dataframe
2021-09-29 10:11:38,817:INFO:Initializing Naive Bayes
2021-09-29 10:11:38,817:INFO:Total runtime is 0.10294747352600098 minutes
2021-09-29 10:11:38,823:INFO:SubProcess create_model() called ==================================
2021-09-29 10:11:38,823:INFO:Initializing create_model()
2021-09-29 10:11:38,823:INFO:create_model(estimator=nb, fold=StratifiedKFold(n_splits=10, random_state=None, shuffle=False), round=4, cross_validation=True, predict=True, fit_kwargs={}, groups=None, refit=False, verbose=False, system=False, metrics=None, add_to_model_list=True, display=<pycaret.internal.Display.Display object at 0x0000029996F5EB20>, kwargs={})
2021-09-29 10:11:38,823:INFO:Checking exceptions
2021-09-29 10:11:38,823:INFO:Importing libraries
2021-09-29 10:11:38,823:INFO:Copying training dataset
2021-09-29 10:11:38,824:INFO:Defining folds
2021-09-29 10:11:38,824:INFO:Declaring metric variables
2021-09-29 10:11:38,830:INFO:Importing untrained model
2021-09-29 10:11:38,837:INFO:Naive Bayes Imported succesfully
2021-09-29 10:11:38,850:INFO:Starting cross validation
2021-09-29 10:11:38,851:INFO:Cross validating with StratifiedKFold(n_splits=10, random_state=None, shuffle=False), n_jobs=-1
2021-09-29 10:11:38,895:INFO:Calculating mean and std
2021-09-29 10:11:38,895:INFO:Creating metrics dataframe
2021-09-29 10:11:38,898:INFO:Uploading results into container
2021-09-29 10:11:38,898:INFO:Uploading model into container now
2021-09-29 10:11:38,898:INFO:create_model_container: 3
2021-09-29 10:11:38,899:INFO:master_model_container: 3
2021-09-29 10:11:38,899:INFO:display_container: 2
2021-09-29 10:11:38,899:INFO:GaussianNB(priors=None, var_smoothing=1e-09)
2021-09-29 10:11:38,899:INFO:create_model() succesfully completed......................................
2021-09-29 10:11:38,967:INFO:SubProcess create_model() end ==================================
2021-09-29 10:11:38,967:INFO:Creating metrics dataframe
2021-09-29 10:11:38,981:INFO:Initializing Decision Tree Classifier
2021-09-29 10:11:38,981:INFO:Total runtime is 0.10568822622299194 minutes
2021-09-29 10:11:38,988:INFO:SubProcess create_model() called ==================================
2021-09-29 10:11:38,989:INFO:Initializing create_model()
2021-09-29 10:11:38,989:INFO:create_model(estimator=dt, fold=StratifiedKFold(n_splits=10, random_state=None, shuffle=False), round=4, cross_validation=True, predict=True, fit_kwargs={}, groups=None, refit=False, verbose=False, system=False, metrics=None, add_to_model_list=True, display=<pycaret.internal.Display.Display object at 0x0000029996F5EB20>, kwargs={})
2021-09-29 10:11:38,989:INFO:Checking exceptions
2021-09-29 10:11:38,989:INFO:Importing libraries
2021-09-29 10:11:38,989:INFO:Copying training dataset
2021-09-29 10:11:38,990:INFO:Defining folds
2021-09-29 10:11:38,990:INFO:Declaring metric variables
2021-09-29 10:11:38,997:INFO:Importing untrained model
2021-09-29 10:11:39,003:INFO:Decision Tree Classifier Imported succesfully
2021-09-29 10:11:39,017:INFO:Starting cross validation
2021-09-29 10:11:39,017:INFO:Cross validating with StratifiedKFold(n_splits=10, random_state=None, shuffle=False), n_jobs=-1
2021-09-29 10:11:39,065:INFO:Calculating mean and std
2021-09-29 10:11:39,066:INFO:Creating metrics dataframe
2021-09-29 10:11:39,069:INFO:Uploading results into container
2021-09-29 10:11:39,069:INFO:Uploading model into container now
2021-09-29 10:11:39,069:INFO:create_model_container: 4
2021-09-29 10:11:39,069:INFO:master_model_container: 4
2021-09-29 10:11:39,069:INFO:display_container: 2
2021-09-29 10:11:39,070:INFO:DecisionTreeClassifier(ccp_alpha=0.0, class_weight=None, criterion='gini',
                       max_depth=None, max_features=None, max_leaf_nodes=None,
                       min_impurity_decrease=0.0, min_impurity_split=None,
                       min_samples_leaf=1, min_samples_split=2,
                       min_weight_fraction_leaf=0.0, presort='deprecated',
                       random_state=1740, splitter='best')
2021-09-29 10:11:39,070:INFO:create_model() succesfully completed......................................
2021-09-29 10:11:39,137:INFO:SubProcess create_model() end ==================================
2021-09-29 10:11:39,137:INFO:Creating metrics dataframe
2021-09-29 10:11:39,151:INFO:Initializing SVM - Linear Kernel
2021-09-29 10:11:39,151:INFO:Total runtime is 0.10852299531300863 minutes
2021-09-29 10:11:39,158:INFO:SubProcess create_model() called ==================================
2021-09-29 10:11:39,159:INFO:Initializing create_model()
2021-09-29 10:11:39,159:INFO:create_model(estimator=svm, fold=StratifiedKFold(n_splits=10, random_state=None, shuffle=False), round=4, cross_validation=True, predict=True, fit_kwargs={}, groups=None, refit=False, verbose=False, system=False, metrics=None, add_to_model_list=True, display=<pycaret.internal.Display.Display object at 0x0000029996F5EB20>, kwargs={})
2021-09-29 10:11:39,159:INFO:Checking exceptions
2021-09-29 10:11:39,159:INFO:Importing libraries
2021-09-29 10:11:39,159:INFO:Copying training dataset
2021-09-29 10:11:39,160:INFO:Defining folds
2021-09-29 10:11:39,160:INFO:Declaring metric variables
2021-09-29 10:11:39,167:INFO:Importing untrained model
2021-09-29 10:11:39,175:INFO:SVM - Linear Kernel Imported succesfully
2021-09-29 10:11:39,190:INFO:Starting cross validation
2021-09-29 10:11:39,191:INFO:Cross validating with StratifiedKFold(n_splits=10, random_state=None, shuffle=False), n_jobs=-1
2021-09-29 10:11:39,273:INFO:Calculating mean and std
2021-09-29 10:11:39,274:INFO:Creating metrics dataframe
2021-09-29 10:11:39,277:INFO:Uploading results into container
2021-09-29 10:11:39,277:INFO:Uploading model into container now
2021-09-29 10:11:39,277:INFO:create_model_container: 5
2021-09-29 10:11:39,277:INFO:master_model_container: 5
2021-09-29 10:11:39,277:INFO:display_container: 2
2021-09-29 10:11:39,278:INFO:SGDClassifier(alpha=0.0001, average=False, class_weight=None,
              early_stopping=False, epsilon=0.1, eta0=0.001, fit_intercept=True,
              l1_ratio=0.15, learning_rate='optimal', loss='hinge',
              max_iter=1000, n_iter_no_change=5, n_jobs=-1, penalty='l2',
              power_t=0.5, random_state=1740, shuffle=True, tol=0.001,
              validation_fraction=0.1, verbose=0, warm_start=False)
2021-09-29 10:11:39,278:INFO:create_model() succesfully completed......................................
2021-09-29 10:11:39,345:INFO:SubProcess create_model() end ==================================
2021-09-29 10:11:39,345:INFO:Creating metrics dataframe
2021-09-29 10:11:39,358:INFO:Initializing Ridge Classifier
2021-09-29 10:11:39,358:INFO:Total runtime is 0.11198031107584636 minutes
2021-09-29 10:11:39,365:INFO:SubProcess create_model() called ==================================
2021-09-29 10:11:39,366:INFO:Initializing create_model()
2021-09-29 10:11:39,366:INFO:create_model(estimator=ridge, fold=StratifiedKFold(n_splits=10, random_state=None, shuffle=False), round=4, cross_validation=True, predict=True, fit_kwargs={}, groups=None, refit=False, verbose=False, system=False, metrics=None, add_to_model_list=True, display=<pycaret.internal.Display.Display object at 0x0000029996F5EB20>, kwargs={})
2021-09-29 10:11:39,366:INFO:Checking exceptions
2021-09-29 10:11:39,366:INFO:Importing libraries
2021-09-29 10:11:39,366:INFO:Copying training dataset
2021-09-29 10:11:39,367:INFO:Defining folds
2021-09-29 10:11:39,367:INFO:Declaring metric variables
2021-09-29 10:11:39,373:INFO:Importing untrained model
2021-09-29 10:11:39,380:INFO:Ridge Classifier Imported succesfully
2021-09-29 10:11:39,395:INFO:Starting cross validation
2021-09-29 10:11:39,395:INFO:Cross validating with StratifiedKFold(n_splits=10, random_state=None, shuffle=False), n_jobs=-1
2021-09-29 10:11:39,438:INFO:Calculating mean and std
2021-09-29 10:11:39,438:INFO:Creating metrics dataframe
2021-09-29 10:11:39,441:INFO:Uploading results into container
2021-09-29 10:11:39,441:INFO:Uploading model into container now
2021-09-29 10:11:39,441:INFO:create_model_container: 6
2021-09-29 10:11:39,442:INFO:master_model_container: 6
2021-09-29 10:11:39,442:INFO:display_container: 2
2021-09-29 10:11:39,442:INFO:RidgeClassifier(alpha=1.0, class_weight=None, copy_X=True, fit_intercept=True,
                max_iter=None, normalize=False, random_state=1740,
                solver='auto', tol=0.001)
2021-09-29 10:11:39,442:INFO:create_model() succesfully completed......................................
2021-09-29 10:11:39,509:INFO:SubProcess create_model() end ==================================
2021-09-29 10:11:39,509:INFO:Creating metrics dataframe
2021-09-29 10:11:39,524:INFO:Initializing Random Forest Classifier
2021-09-29 10:11:39,524:INFO:Total runtime is 0.11473908424377442 minutes
2021-09-29 10:11:39,530:INFO:SubProcess create_model() called ==================================
2021-09-29 10:11:39,530:INFO:Initializing create_model()
2021-09-29 10:11:39,530:INFO:create_model(estimator=rf, fold=StratifiedKFold(n_splits=10, random_state=None, shuffle=False), round=4, cross_validation=True, predict=True, fit_kwargs={}, groups=None, refit=False, verbose=False, system=False, metrics=None, add_to_model_list=True, display=<pycaret.internal.Display.Display object at 0x0000029996F5EB20>, kwargs={})
2021-09-29 10:11:39,530:INFO:Checking exceptions
2021-09-29 10:11:39,530:INFO:Importing libraries
2021-09-29 10:11:39,530:INFO:Copying training dataset
2021-09-29 10:11:39,531:INFO:Defining folds
2021-09-29 10:11:39,531:INFO:Declaring metric variables
2021-09-29 10:11:39,539:INFO:Importing untrained model
2021-09-29 10:11:39,547:INFO:Random Forest Classifier Imported succesfully
2021-09-29 10:11:39,560:INFO:Starting cross validation
2021-09-29 10:11:39,561:INFO:Cross validating with StratifiedKFold(n_splits=10, random_state=None, shuffle=False), n_jobs=-1
2021-09-29 10:11:40,229:INFO:Calculating mean and std
2021-09-29 10:11:40,230:INFO:Creating metrics dataframe
2021-09-29 10:11:40,233:INFO:Uploading results into container
2021-09-29 10:11:40,233:INFO:Uploading model into container now
2021-09-29 10:11:40,234:INFO:create_model_container: 7
2021-09-29 10:11:40,234:INFO:master_model_container: 7
2021-09-29 10:11:40,234:INFO:display_container: 2
2021-09-29 10:11:40,234:INFO:RandomForestClassifier(bootstrap=True, ccp_alpha=0.0, class_weight=None,
                       criterion='gini', max_depth=None, max_features='auto',
                       max_leaf_nodes=None, max_samples=None,
                       min_impurity_decrease=0.0, min_impurity_split=None,
                       min_samples_leaf=1, min_samples_split=2,
                       min_weight_fraction_leaf=0.0, n_estimators=100,
                       n_jobs=-1, oob_score=False, random_state=1740, verbose=0,
                       warm_start=False)
2021-09-29 10:11:40,234:INFO:create_model() succesfully completed......................................
2021-09-29 10:11:40,304:INFO:SubProcess create_model() end ==================================
2021-09-29 10:11:40,304:INFO:Creating metrics dataframe
2021-09-29 10:11:40,319:INFO:Initializing Quadratic Discriminant Analysis
2021-09-29 10:11:40,319:INFO:Total runtime is 0.12798775831858317 minutes
2021-09-29 10:11:40,325:INFO:SubProcess create_model() called ==================================
2021-09-29 10:11:40,326:INFO:Initializing create_model()
2021-09-29 10:11:40,326:INFO:create_model(estimator=qda, fold=StratifiedKFold(n_splits=10, random_state=None, shuffle=False), round=4, cross_validation=True, predict=True, fit_kwargs={}, groups=None, refit=False, verbose=False, system=False, metrics=None, add_to_model_list=True, display=<pycaret.internal.Display.Display object at 0x0000029996F5EB20>, kwargs={})
2021-09-29 10:11:40,326:INFO:Checking exceptions
2021-09-29 10:11:40,326:INFO:Importing libraries
2021-09-29 10:11:40,326:INFO:Copying training dataset
2021-09-29 10:11:40,326:INFO:Defining folds
2021-09-29 10:11:40,327:INFO:Declaring metric variables
2021-09-29 10:11:40,334:INFO:Importing untrained model
2021-09-29 10:11:40,341:INFO:Quadratic Discriminant Analysis Imported succesfully
2021-09-29 10:11:40,354:INFO:Starting cross validation
2021-09-29 10:11:40,355:INFO:Cross validating with StratifiedKFold(n_splits=10, random_state=None, shuffle=False), n_jobs=-1
2021-09-29 10:11:40,407:INFO:Calculating mean and std
2021-09-29 10:11:40,408:INFO:Creating metrics dataframe
2021-09-29 10:11:40,411:INFO:Uploading results into container
2021-09-29 10:11:40,411:INFO:Uploading model into container now
2021-09-29 10:11:40,411:INFO:create_model_container: 8
2021-09-29 10:11:40,411:INFO:master_model_container: 8
2021-09-29 10:11:40,411:INFO:display_container: 2
2021-09-29 10:11:40,412:INFO:QuadraticDiscriminantAnalysis(priors=None, reg_param=0.0,
                              store_covariance=False, tol=0.0001)
2021-09-29 10:11:40,412:INFO:create_model() succesfully completed......................................
2021-09-29 10:11:40,479:INFO:SubProcess create_model() end ==================================
2021-09-29 10:11:40,480:INFO:Creating metrics dataframe
2021-09-29 10:11:40,495:INFO:Initializing Ada Boost Classifier
2021-09-29 10:11:40,495:INFO:Total runtime is 0.13092075983683268 minutes
2021-09-29 10:11:40,501:INFO:SubProcess create_model() called ==================================
2021-09-29 10:11:40,501:INFO:Initializing create_model()
2021-09-29 10:11:40,501:INFO:create_model(estimator=ada, fold=StratifiedKFold(n_splits=10, random_state=None, shuffle=False), round=4, cross_validation=True, predict=True, fit_kwargs={}, groups=None, refit=False, verbose=False, system=False, metrics=None, add_to_model_list=True, display=<pycaret.internal.Display.Display object at 0x0000029996F5EB20>, kwargs={})
2021-09-29 10:11:40,501:INFO:Checking exceptions
2021-09-29 10:11:40,501:INFO:Importing libraries
2021-09-29 10:11:40,501:INFO:Copying training dataset
2021-09-29 10:11:40,503:INFO:Defining folds
2021-09-29 10:11:40,503:INFO:Declaring metric variables
2021-09-29 10:11:40,508:INFO:Importing untrained model
2021-09-29 10:11:40,515:INFO:Ada Boost Classifier Imported succesfully
2021-09-29 10:11:40,528:INFO:Starting cross validation
2021-09-29 10:11:40,529:INFO:Cross validating with StratifiedKFold(n_splits=10, random_state=None, shuffle=False), n_jobs=-1
2021-09-29 10:11:40,786:INFO:Calculating mean and std
2021-09-29 10:11:40,787:INFO:Creating metrics dataframe
2021-09-29 10:11:40,791:INFO:Uploading results into container
2021-09-29 10:11:40,791:INFO:Uploading model into container now
2021-09-29 10:11:40,791:INFO:create_model_container: 9
2021-09-29 10:11:40,791:INFO:master_model_container: 9
2021-09-29 10:11:40,791:INFO:display_container: 2
2021-09-29 10:11:40,791:INFO:AdaBoostClassifier(algorithm='SAMME.R', base_estimator=None, learning_rate=1.0,
                   n_estimators=50, random_state=1740)
2021-09-29 10:11:40,791:INFO:create_model() succesfully completed......................................
2021-09-29 10:11:40,859:INFO:SubProcess create_model() end ==================================
2021-09-29 10:11:40,860:INFO:Creating metrics dataframe
2021-09-29 10:11:40,875:INFO:Initializing Gradient Boosting Classifier
2021-09-29 10:11:40,876:INFO:Total runtime is 0.13726105292638144 minutes
2021-09-29 10:11:40,883:INFO:SubProcess create_model() called ==================================
2021-09-29 10:11:40,883:INFO:Initializing create_model()
2021-09-29 10:11:40,883:INFO:create_model(estimator=gbc, fold=StratifiedKFold(n_splits=10, random_state=None, shuffle=False), round=4, cross_validation=True, predict=True, fit_kwargs={}, groups=None, refit=False, verbose=False, system=False, metrics=None, add_to_model_list=True, display=<pycaret.internal.Display.Display object at 0x0000029996F5EB20>, kwargs={})
2021-09-29 10:11:40,883:INFO:Checking exceptions
2021-09-29 10:11:40,883:INFO:Importing libraries
2021-09-29 10:11:40,884:INFO:Copying training dataset
2021-09-29 10:11:40,884:INFO:Defining folds
2021-09-29 10:11:40,884:INFO:Declaring metric variables
2021-09-29 10:11:40,891:INFO:Importing untrained model
2021-09-29 10:11:40,902:INFO:Gradient Boosting Classifier Imported succesfully
2021-09-29 10:11:40,917:INFO:Starting cross validation
2021-09-29 10:11:40,918:INFO:Cross validating with StratifiedKFold(n_splits=10, random_state=None, shuffle=False), n_jobs=-1
2021-09-29 10:11:41,323:INFO:Calculating mean and std
2021-09-29 10:11:41,324:INFO:Creating metrics dataframe
2021-09-29 10:11:41,327:INFO:Uploading results into container
2021-09-29 10:11:41,327:INFO:Uploading model into container now
2021-09-29 10:11:41,327:INFO:create_model_container: 10
2021-09-29 10:11:41,327:INFO:master_model_container: 10
2021-09-29 10:11:41,327:INFO:display_container: 2
2021-09-29 10:11:41,328:INFO:GradientBoostingClassifier(ccp_alpha=0.0, criterion='friedman_mse', init=None,
                           learning_rate=0.1, loss='deviance', max_depth=3,
                           max_features=None, max_leaf_nodes=None,
                           min_impurity_decrease=0.0, min_impurity_split=None,
                           min_samples_leaf=1, min_samples_split=2,
                           min_weight_fraction_leaf=0.0, n_estimators=100,
                           n_iter_no_change=None, presort='deprecated',
                           random_state=1740, subsample=1.0, tol=0.0001,
                           validation_fraction=0.1, verbose=0,
                           warm_start=False)
2021-09-29 10:11:41,328:INFO:create_model() succesfully completed......................................
2021-09-29 10:11:41,396:INFO:SubProcess create_model() end ==================================
2021-09-29 10:11:41,396:INFO:Creating metrics dataframe
2021-09-29 10:11:41,414:INFO:Initializing Linear Discriminant Analysis
2021-09-29 10:11:41,414:INFO:Total runtime is 0.14623488982518515 minutes
2021-09-29 10:11:41,421:INFO:SubProcess create_model() called ==================================
2021-09-29 10:11:41,422:INFO:Initializing create_model()
2021-09-29 10:11:41,422:INFO:create_model(estimator=lda, fold=StratifiedKFold(n_splits=10, random_state=None, shuffle=False), round=4, cross_validation=True, predict=True, fit_kwargs={}, groups=None, refit=False, verbose=False, system=False, metrics=None, add_to_model_list=True, display=<pycaret.internal.Display.Display object at 0x0000029996F5EB20>, kwargs={})
2021-09-29 10:11:41,422:INFO:Checking exceptions
2021-09-29 10:11:41,422:INFO:Importing libraries
2021-09-29 10:11:41,422:INFO:Copying training dataset
2021-09-29 10:11:41,423:INFO:Defining folds
2021-09-29 10:11:41,423:INFO:Declaring metric variables
2021-09-29 10:11:41,430:INFO:Importing untrained model
2021-09-29 10:11:41,437:INFO:Linear Discriminant Analysis Imported succesfully
2021-09-29 10:11:41,450:INFO:Starting cross validation
2021-09-29 10:11:41,451:INFO:Cross validating with StratifiedKFold(n_splits=10, random_state=None, shuffle=False), n_jobs=-1
2021-09-29 10:11:41,518:INFO:Calculating mean and std
2021-09-29 10:11:41,519:INFO:Creating metrics dataframe
2021-09-29 10:11:41,522:INFO:Uploading results into container
2021-09-29 10:11:41,522:INFO:Uploading model into container now
2021-09-29 10:11:41,522:INFO:create_model_container: 11
2021-09-29 10:11:41,522:INFO:master_model_container: 11
2021-09-29 10:11:41,522:INFO:display_container: 2
2021-09-29 10:11:41,523:INFO:LinearDiscriminantAnalysis(n_components=None, priors=None, shrinkage=None,
                           solver='svd', store_covariance=False, tol=0.0001)
2021-09-29 10:11:41,523:INFO:create_model() succesfully completed......................................
2021-09-29 10:11:41,594:INFO:SubProcess create_model() end ==================================
2021-09-29 10:11:41,594:INFO:Creating metrics dataframe
2021-09-29 10:11:41,610:INFO:Initializing Extra Trees Classifier
2021-09-29 10:11:41,610:INFO:Total runtime is 0.14949985345204672 minutes
2021-09-29 10:11:41,618:INFO:SubProcess create_model() called ==================================
2021-09-29 10:11:41,619:INFO:Initializing create_model()
2021-09-29 10:11:41,619:INFO:create_model(estimator=et, fold=StratifiedKFold(n_splits=10, random_state=None, shuffle=False), round=4, cross_validation=True, predict=True, fit_kwargs={}, groups=None, refit=False, verbose=False, system=False, metrics=None, add_to_model_list=True, display=<pycaret.internal.Display.Display object at 0x0000029996F5EB20>, kwargs={})
2021-09-29 10:11:41,619:INFO:Checking exceptions
2021-09-29 10:11:41,619:INFO:Importing libraries
2021-09-29 10:11:41,619:INFO:Copying training dataset
2021-09-29 10:11:41,620:INFO:Defining folds
2021-09-29 10:11:41,621:INFO:Declaring metric variables
2021-09-29 10:11:41,628:INFO:Importing untrained model
2021-09-29 10:11:41,636:INFO:Extra Trees Classifier Imported succesfully
2021-09-29 10:11:41,651:INFO:Starting cross validation
2021-09-29 10:11:41,652:INFO:Cross validating with StratifiedKFold(n_splits=10, random_state=None, shuffle=False), n_jobs=-1
2021-09-29 10:11:42,234:INFO:Calculating mean and std
2021-09-29 10:11:42,235:INFO:Creating metrics dataframe
2021-09-29 10:11:42,238:INFO:Uploading results into container
2021-09-29 10:11:42,238:INFO:Uploading model into container now
2021-09-29 10:11:42,239:INFO:create_model_container: 12
2021-09-29 10:11:42,239:INFO:master_model_container: 12
2021-09-29 10:11:42,239:INFO:display_container: 2
2021-09-29 10:11:42,239:INFO:ExtraTreesClassifier(bootstrap=False, ccp_alpha=0.0, class_weight=None,
                     criterion='gini', max_depth=None, max_features='auto',
                     max_leaf_nodes=None, max_samples=None,
                     min_impurity_decrease=0.0, min_impurity_split=None,
                     min_samples_leaf=1, min_samples_split=2,
                     min_weight_fraction_leaf=0.0, n_estimators=100, n_jobs=-1,
                     oob_score=False, random_state=1740, verbose=0,
                     warm_start=False)
2021-09-29 10:11:42,239:INFO:create_model() succesfully completed......................................
2021-09-29 10:11:42,320:INFO:SubProcess create_model() end ==================================
2021-09-29 10:11:42,320:INFO:Creating metrics dataframe
2021-09-29 10:11:42,339:INFO:Initializing Light Gradient Boosting Machine
2021-09-29 10:11:42,339:INFO:Total runtime is 0.16165001392364503 minutes
2021-09-29 10:11:42,347:INFO:SubProcess create_model() called ==================================
2021-09-29 10:11:42,347:INFO:Initializing create_model()
2021-09-29 10:11:42,347:INFO:create_model(estimator=lightgbm, fold=StratifiedKFold(n_splits=10, random_state=None, shuffle=False), round=4, cross_validation=True, predict=True, fit_kwargs={}, groups=None, refit=False, verbose=False, system=False, metrics=None, add_to_model_list=True, display=<pycaret.internal.Display.Display object at 0x0000029996F5EB20>, kwargs={})
2021-09-29 10:11:42,347:INFO:Checking exceptions
2021-09-29 10:11:42,348:INFO:Importing libraries
2021-09-29 10:11:42,348:INFO:Copying training dataset
2021-09-29 10:11:42,349:INFO:Defining folds
2021-09-29 10:11:42,349:INFO:Declaring metric variables
2021-09-29 10:11:42,357:INFO:Importing untrained model
2021-09-29 10:11:42,366:INFO:Light Gradient Boosting Machine Imported succesfully
2021-09-29 10:11:42,382:INFO:Starting cross validation
2021-09-29 10:11:42,382:INFO:Cross validating with StratifiedKFold(n_splits=10, random_state=None, shuffle=False), n_jobs=-1
2021-09-29 10:11:43,286:INFO:Calculating mean and std
2021-09-29 10:11:43,287:INFO:Creating metrics dataframe
2021-09-29 10:11:43,290:INFO:Uploading results into container
2021-09-29 10:11:43,290:INFO:Uploading model into container now
2021-09-29 10:11:43,290:INFO:create_model_container: 13
2021-09-29 10:11:43,291:INFO:master_model_container: 13
2021-09-29 10:11:43,291:INFO:display_container: 2
2021-09-29 10:11:43,291:INFO:LGBMClassifier(boosting_type='gbdt', class_weight=None, colsample_bytree=1.0,
               importance_type='split', learning_rate=0.1, max_depth=-1,
               min_child_samples=20, min_child_weight=0.001, min_split_gain=0.0,
               n_estimators=100, n_jobs=-1, num_leaves=31, objective=None,
               random_state=1740, reg_alpha=0.0, reg_lambda=0.0, silent=True,
               subsample=1.0, subsample_for_bin=200000, subsample_freq=0)
2021-09-29 10:11:43,291:INFO:create_model() succesfully completed......................................
2021-09-29 10:11:43,359:INFO:SubProcess create_model() end ==================================
2021-09-29 10:11:43,359:INFO:Creating metrics dataframe
2021-09-29 10:11:43,393:INFO:Initializing create_model()
2021-09-29 10:11:43,393:INFO:create_model(estimator=ExtraTreesClassifier(bootstrap=False, ccp_alpha=0.0, class_weight=None,
                     criterion='gini', max_depth=None, max_features='auto',
                     max_leaf_nodes=None, max_samples=None,
                     min_impurity_decrease=0.0, min_impurity_split=None,
                     min_samples_leaf=1, min_samples_split=2,
                     min_weight_fraction_leaf=0.0, n_estimators=100, n_jobs=-1,
                     oob_score=False, random_state=1740, verbose=0,
                     warm_start=False), fold=StratifiedKFold(n_splits=10, random_state=None, shuffle=False), round=4, cross_validation=False, predict=False, fit_kwargs={}, groups=None, refit=True, verbose=False, system=False, metrics=None, add_to_model_list=True, display=None, kwargs={})
2021-09-29 10:11:43,393:INFO:Checking exceptions
2021-09-29 10:11:43,393:INFO:Importing libraries
2021-09-29 10:11:43,393:INFO:Copying training dataset
2021-09-29 10:11:43,393:INFO:Defining folds
2021-09-29 10:11:43,393:INFO:Declaring metric variables
2021-09-29 10:11:43,393:INFO:Importing untrained model
2021-09-29 10:11:43,393:INFO:Declaring custom model
2021-09-29 10:11:43,394:INFO:Extra Trees Classifier Imported succesfully
2021-09-29 10:11:43,394:INFO:Cross validation set to False
2021-09-29 10:11:43,394:INFO:Fitting Model
2021-09-29 10:11:43,553:INFO:ExtraTreesClassifier(bootstrap=False, ccp_alpha=0.0, class_weight=None,
                     criterion='gini', max_depth=None, max_features='auto',
                     max_leaf_nodes=None, max_samples=None,
                     min_impurity_decrease=0.0, min_impurity_split=None,
                     min_samples_leaf=1, min_samples_split=2,
                     min_weight_fraction_leaf=0.0, n_estimators=100, n_jobs=-1,
                     oob_score=False, random_state=1740, verbose=0,
                     warm_start=False)
2021-09-29 10:11:43,553:INFO:create_models() succesfully completed......................................
2021-09-29 10:11:43,658:INFO:create_model_container: 13
2021-09-29 10:11:43,659:INFO:master_model_container: 13
2021-09-29 10:11:43,659:INFO:display_container: 2
2021-09-29 10:11:43,659:INFO:ExtraTreesClassifier(bootstrap=False, ccp_alpha=0.0, class_weight=None,
                     criterion='gini', max_depth=None, max_features='auto',
                     max_leaf_nodes=None, max_samples=None,
                     min_impurity_decrease=0.0, min_impurity_split=None,
                     min_samples_leaf=1, min_samples_split=2,
                     min_weight_fraction_leaf=0.0, n_estimators=100, n_jobs=-1,
                     oob_score=False, random_state=1740, verbose=0,
                     warm_start=False)
2021-09-29 10:11:43,659:INFO:compare_models() succesfully completed......................................
2021-09-29 10:11:43,678:INFO:Initializing create_model()
2021-09-29 10:11:43,679:INFO:create_model(estimator=rf, fold=None, round=4, cross_validation=True, predict=True, fit_kwargs=None, groups=None, refit=True, verbose=True, system=True, metrics=None, add_to_model_list=True, display=None, kwargs={})
2021-09-29 10:11:43,679:INFO:Checking exceptions
2021-09-29 10:11:43,679:INFO:Preparing display monitor
2021-09-29 10:11:43,698:INFO:Importing libraries
2021-09-29 10:11:43,698:INFO:Copying training dataset
2021-09-29 10:11:43,699:INFO:Defining folds
2021-09-29 10:11:43,699:INFO:Declaring metric variables
2021-09-29 10:11:43,706:INFO:Importing untrained model
2021-09-29 10:11:43,714:INFO:Random Forest Classifier Imported succesfully
2021-09-29 10:11:43,727:INFO:Starting cross validation
2021-09-29 10:11:43,728:INFO:Cross validating with StratifiedKFold(n_splits=10, random_state=None, shuffle=False), n_jobs=-1
2021-09-29 10:11:44,447:INFO:Calculating mean and std
2021-09-29 10:11:44,448:INFO:Creating metrics dataframe
2021-09-29 10:11:44,457:INFO:Finalizing model
2021-09-29 10:11:44,653:INFO:Uploading results into container
2021-09-29 10:11:44,653:INFO:Uploading model into container now
2021-09-29 10:11:44,665:INFO:create_model_container: 14
2021-09-29 10:11:44,665:INFO:master_model_container: 14
2021-09-29 10:11:44,665:INFO:display_container: 3
2021-09-29 10:11:44,666:INFO:RandomForestClassifier(bootstrap=True, ccp_alpha=0.0, class_weight=None,
                       criterion='gini', max_depth=None, max_features='auto',
                       max_leaf_nodes=None, max_samples=None,
                       min_impurity_decrease=0.0, min_impurity_split=None,
                       min_samples_leaf=1, min_samples_split=2,
                       min_weight_fraction_leaf=0.0, n_estimators=100,
                       n_jobs=-1, oob_score=False, random_state=1740, verbose=0,
                       warm_start=False)
2021-09-29 10:11:44,666:INFO:create_model() succesfully completed......................................
2021-09-29 10:11:44,783:INFO:Initializing predict_model()
2021-09-29 10:11:44,783:INFO:predict_model(estimator=RandomForestClassifier(bootstrap=True, ccp_alpha=0.0, class_weight=None,
                       criterion='gini', max_depth=None, max_features='auto',
                       max_leaf_nodes=None, max_samples=None,
                       min_impurity_decrease=0.0, min_impurity_split=None,
                       min_samples_leaf=1, min_samples_split=2,
                       min_weight_fraction_leaf=0.0, n_estimators=100,
                       n_jobs=-1, oob_score=False, random_state=1740, verbose=0,
                       warm_start=False), probability_threshold=None, encoded_labels=False, raw_score=False, round=4, verbose=True, ml_usecase=MLUsecase.CLASSIFICATION, display=None)
2021-09-29 10:11:44,783:INFO:Checking exceptions
2021-09-29 10:11:44,783:INFO:Preloading libraries
2021-09-29 10:11:44,783:INFO:Preparing display monitor
2021-09-29 10:11:45,033:INFO:Initializing evaluate_model()
2021-09-29 10:11:45,033:INFO:evaluate_model(estimator=RandomForestClassifier(bootstrap=True, ccp_alpha=0.0, class_weight=None,
                       criterion='gini', max_depth=None, max_features='auto',
                       max_leaf_nodes=None, max_samples=None,
                       min_impurity_decrease=0.0, min_impurity_split=None,
                       min_samples_leaf=1, min_samples_split=2,
                       min_weight_fraction_leaf=0.0, n_estimators=100,
                       n_jobs=-1, oob_score=False, random_state=1740, verbose=0,
                       warm_start=False), fold=None, fit_kwargs=None, feature_name=None, groups=None, use_train_data=False)
2021-09-29 10:11:45,052:INFO:Initializing plot_model()
2021-09-29 10:11:45,052:INFO:plot_model(fold=StratifiedKFold(n_splits=10, random_state=None, shuffle=False), use_train_data=False, verbose=True, is_in_evaluate=True, display=None, display_format=None, estimator=RandomForestClassifier(bootstrap=True, ccp_alpha=0.0, class_weight=None,
                       criterion='gini', max_depth=None, max_features='auto',
                       max_leaf_nodes=None, max_samples=None,
                       min_impurity_decrease=0.0, min_impurity_split=None,
                       min_samples_leaf=1, min_samples_split=2,
                       min_weight_fraction_leaf=0.0, n_estimators=100,
                       n_jobs=-1, oob_score=False, random_state=1740, verbose=0,
                       warm_start=False), feature_name=None, fit_kwargs={}, groups=None, label=False, plot=parameter, save=False, scale=1, system=True)
2021-09-29 10:11:45,052:INFO:Checking exceptions
2021-09-29 10:11:45,066:INFO:Preparing display monitor
2021-09-29 10:11:45,072:INFO:Preloading libraries
2021-09-29 10:11:45,082:INFO:Copying training dataset
2021-09-29 10:11:45,082:INFO:Copying test dataset
2021-09-29 10:11:45,082:INFO:Plot type: parameter
2021-09-29 10:11:45,178:INFO:Visual Rendered Successfully
2021-09-29 10:11:45,249:INFO:plot_model() succesfully completed......................................
2021-09-29 10:12:18,268:INFO:Initializing save_model()
2021-09-29 10:12:18,268:INFO:save_model(model=RandomForestClassifier(bootstrap=True, ccp_alpha=0.0, class_weight=None,
                       criterion='gini', max_depth=None, max_features='auto',
                       max_leaf_nodes=None, max_samples=None,
                       min_impurity_decrease=0.0, min_impurity_split=None,
                       min_samples_leaf=1, min_samples_split=2,
                       min_weight_fraction_leaf=0.0, n_estimators=100,
                       n_jobs=-1, oob_score=False, random_state=1740, verbose=0,
                       warm_start=False), model_name=Stroke_model_1, prep_pipe_=Pipeline(memory=None,
         steps=[('dtypes',
                 DataTypes_Auto_infer(categorical_features=[],
                                      display_types=True, features_todrop=[],
                                      id_columns=[],
                                      ml_usecase='classification',
                                      numerical_features=[], target='stroke',
                                      time_features=[])),
                ('imputer',
                 Simple_Imputer(categorical_strategy='not_available',
                                fill_value_categorical=None,
                                fill_value_numerical=None,
                                numeric_strat...
                ('dummy', Dummify(target='stroke')),
                ('fix_perfect', Remove_100(target='stroke')),
                ('clean_names', Clean_Colum_Names()),
                ('feature_select', 'passthrough'),
                ('fix_multi',
                 Fix_multicollinearity(correlation_with_target_preference=None,
                                       correlation_with_target_threshold=0.0,
                                       target_variable='stroke',
                                       threshold=0.8)),
                ('dfs', 'passthrough'), ('pca', 'passthrough')],
         verbose=False), verbose=True, kwargs={})
2021-09-29 10:12:18,268:INFO:Adding model into prep_pipe
2021-09-29 10:12:18,316:INFO:Stroke_model_1.pkl saved in current working directory
2021-09-29 10:12:18,322:INFO:Pipeline(memory=None,
         steps=[('dtypes',
                 DataTypes_Auto_infer(categorical_features=[],
                                      display_types=True, features_todrop=[],
                                      id_columns=[],
                                      ml_usecase='classification',
                                      numerical_features=[], target='stroke',
                                      time_features=[])),
                ('imputer',
                 Simple_Imputer(categorical_strategy='not_available',
                                fill_value_categorical=None,
                                fill_value_numerical=None,
                                numeric_strat...
                 RandomForestClassifier(bootstrap=True, ccp_alpha=0.0,
                                        class_weight=None, criterion='gini',
                                        max_depth=None, max_features='auto',
                                        max_leaf_nodes=None, max_samples=None,
                                        min_impurity_decrease=0.0,
                                        min_impurity_split=None,
                                        min_samples_leaf=1, min_samples_split=2,
                                        min_weight_fraction_leaf=0.0,
                                        n_estimators=100, n_jobs=-1,
                                        oob_score=False, random_state=1740,
                                        verbose=0, warm_start=False)]],
         verbose=False)
2021-09-29 10:12:18,322:INFO:save_model() successfully completed......................................
